Determining if the pthread_create exist failed with the following output:
Change Dir: /home/lor/code/simple_web/websocket/build/CMakeFiles/CMakeTmp

Run Build Command:"/usr/bin/make" "cmTC_b87ba/fast"
/usr/bin/make -f CMakeFiles/cmTC_b87ba.dir/build.make CMakeFiles/cmTC_b87ba.dir/build
make[1]: Entering directory '/home/lor/code/simple_web/websocket/build/CMakeFiles/CMakeTmp'
Building C object CMakeFiles/cmTC_b87ba.dir/CheckSymbolExists.c.o
/usr/bin/cc     -o CMakeFiles/cmTC_b87ba.dir/CheckSymbolExists.c.o   -c /home/lor/code/simple_web/websocket/build/CMakeFiles/CMakeTmp/CheckSymbolExists.c
Linking C executable cmTC_b87ba
/usr/bin/cmake -E cmake_link_script CMakeFiles/cmTC_b87ba.dir/link.txt --verbose=1
/usr/bin/cc       CMakeFiles/cmTC_b87ba.dir/CheckSymbolExists.c.o  -o cmTC_b87ba -rdynamic 
CMakeFiles/cmTC_b87ba.dir/CheckSymbolExists.c.o: In function `main':
CheckSymbolExists.c:(.text+0x16): undefined reference to `pthread_create'
collect2: error: ld returned 1 exit status
CMakeFiles/cmTC_b87ba.dir/build.make:97: recipe for target 'cmTC_b87ba' failed
make[1]: *** [cmTC_b87ba] Error 1
make[1]: Leaving directory '/home/lor/code/simple_web/websocket/build/CMakeFiles/CMakeTmp'
Makefile:126: recipe for target 'cmTC_b87ba/fast' failed
make: *** [cmTC_b87ba/fast] Error 2

File /home/lor/code/simple_web/websocket/build/CMakeFiles/CMakeTmp/CheckSymbolExists.c:
/* */
#include <pthread.h>

int main(int argc, char** argv)
{
  (void)argv;
#ifndef pthread_create
  return ((int*)(&pthread_create))[argc];
#else
  (void)argc;
  return 0;
#endif
}

Determining if the function pthread_create exists in the pthreads failed with the following output:
Change Dir: /home/lor/code/simple_web/websocket/build/CMakeFiles/CMakeTmp

Run Build Command:"/usr/bin/make" "cmTC_3941e/fast"
/usr/bin/make -f CMakeFiles/cmTC_3941e.dir/build.make CMakeFiles/cmTC_3941e.dir/build
make[1]: Entering directory '/home/lor/code/simple_web/websocket/build/CMakeFiles/CMakeTmp'
Building C object CMakeFiles/cmTC_3941e.dir/CheckFunctionExists.c.o
/usr/bin/cc    -DCHECK_FUNCTION_EXISTS=pthread_create   -o CMakeFiles/cmTC_3941e.dir/CheckFunctionExists.c.o   -c /usr/share/cmake-3.5/Modules/CheckFunctionExists.c
Linking C executable cmTC_3941e
/usr/bin/cmake -E cmake_link_script CMakeFiles/cmTC_3941e.dir/link.txt --verbose=1
/usr/bin/cc   -DCHECK_FUNCTION_EXISTS=pthread_create    CMakeFiles/cmTC_3941e.dir/CheckFunctionExists.c.o  -o cmTC_3941e -rdynamic -lpthreads 
/usr/bin/ld: cannot find -lpthreads
collect2: error: ld returned 1 exit status
CMakeFiles/cmTC_3941e.dir/build.make:97: recipe for target 'cmTC_3941e' failed
make[1]: *** [cmTC_3941e] Error 1
make[1]: Leaving directory '/home/lor/code/simple_web/websocket/build/CMakeFiles/CMakeTmp'
Makefile:126: recipe for target 'cmTC_3941e/fast' failed
make: *** [cmTC_3941e/fast] Error 2


